2021-07-31 00:47:07,864 INFO [main] o.h.Version [Version.java : 44] HHH000412: Hibernate ORM core version 5.5.4.Final
2021-07-31 00:47:08,424 INFO [main] o.h.a.c.Version [JavaReflectionManager.java : 56] HCANN000001: Hibernate Commons Annotations {5.1.2.Final}
2021-07-31 00:47:08,624 WARN [main] o.h.o.c.pooling [DriverManagerConnectionProviderImpl.java : 72] HHH10001002: Using Hibernate built-in connection pool (not for production use!)
2021-07-31 00:47:08,631 INFO [main] o.h.o.c.pooling [DriverManagerConnectionProviderImpl.java : 115] HHH10001005: using driver [org.postgresql.Driver] at URL [jdbc:postgresql://localhost:1337/module_3]
2021-07-31 00:47:08,631 INFO [main] o.h.o.c.pooling [DriverManagerConnectionProviderImpl.java : 124] HHH10001001: Connection properties: {password=****, user=postgres}
2021-07-31 00:47:08,653 INFO [main] o.h.o.c.pooling [DriverManagerConnectionProviderImpl.java : 129] HHH10001003: Autocommit mode: false
2021-07-31 00:47:08,657 INFO [main] o.h.e.j.c.i.DriverManagerConnectionProviderImpl [DriverManagerConnectionProviderImpl.java : 274] HHH000115: Hibernate connection pool size: 20 (min=1)
2021-07-31 00:47:08,965 INFO [main] o.h.d.Dialect [Dialect.java : 175] HHH000400: Using dialect: org.hibernate.dialect.PostgreSQLDialect
2021-07-31 00:47:09,841 INFO [main] o.h.o.c.access [DdlTransactionIsolatorNonJtaImpl.java : 48] HHH10001501: Connection obtained from JdbcConnectionAccess [org.hibernate.engine.jdbc.env.internal.JdbcEnvironmentInitiator$ConnectionProviderJdbcConnectionAccess@21a02556] for (non-JTA) DDL execution was not in auto-commit mode; the Connection 'local transaction' will be committed and the Connection will be set into auto-commit mode.
2021-07-31 00:47:10,224 INFO [main] o.h.e.t.j.p.i.JtaPlatformInitiator [JtaPlatformInitiator.java : 52] HHH000490: Using JtaPlatform implementation: [org.hibernate.engine.transaction.jta.platform.internal.NoJtaPlatform]
2021-07-31 00:47:13,018 INFO [main] u.c.n.c.Controller [Controller.java : 65] Start performing operation
2021-07-31 00:47:18,421 INFO [main] u.c.n.c.Controller [Controller.java : 82] Entering an account number: 33432123
2021-07-31 00:47:21,584 INFO [main] u.c.n.c.Controller [Controller.java : 85] Entering an amount of transfer: 150
2021-07-31 00:48:33,211 INFO [main] u.c.n.c.Controller [Controller.java : 91] Entering an amount of categories: 4
2021-07-31 00:48:45,644 INFO [main] u.c.n.c.Controller [Controller.java : 95] Entering category: online purchases
2021-07-31 00:48:51,252 INFO [main] u.c.n.c.Controller [Controller.java : 95] Entering category: subscriptions
2021-07-31 00:49:02,659 INFO [main] u.c.n.c.Controller [Controller.java : 95] Entering category: personal funds expense transfer
2021-07-31 00:49:06,910 INFO [main] u.c.n.c.Controller [Controller.java : 95] Entering category: cashback
2021-07-31 00:49:06,910 INFO [main] u.c.n.c.Controller [Controller.java : 98] Starting operation
2021-07-31 00:49:07,007 INFO [main] u.c.n.c.Controller [Controller.java : 101] Result of operation: REJECTED
2021-07-31 00:49:07,008 INFO [main] u.c.n.c.Controller [Controller.java : 105] Reason of rejection: Invalid category for operation type INCOME
2021-07-31 00:49:49,830 INFO [main] o.h.Version [Version.java : 44] HHH000412: Hibernate ORM core version 5.5.4.Final
2021-07-31 00:49:50,412 INFO [main] o.h.a.c.Version [JavaReflectionManager.java : 56] HCANN000001: Hibernate Commons Annotations {5.1.2.Final}
2021-07-31 00:49:50,615 WARN [main] o.h.o.c.pooling [DriverManagerConnectionProviderImpl.java : 72] HHH10001002: Using Hibernate built-in connection pool (not for production use!)
2021-07-31 00:49:50,621 INFO [main] o.h.o.c.pooling [DriverManagerConnectionProviderImpl.java : 115] HHH10001005: using driver [org.postgresql.Driver] at URL [jdbc:postgresql://localhost:1337/module_3]
2021-07-31 00:49:50,622 INFO [main] o.h.o.c.pooling [DriverManagerConnectionProviderImpl.java : 124] HHH10001001: Connection properties: {password=****, user=postgres}
2021-07-31 00:49:50,622 INFO [main] o.h.o.c.pooling [DriverManagerConnectionProviderImpl.java : 129] HHH10001003: Autocommit mode: false
2021-07-31 00:49:50,626 INFO [main] o.h.e.j.c.i.DriverManagerConnectionProviderImpl [DriverManagerConnectionProviderImpl.java : 274] HHH000115: Hibernate connection pool size: 20 (min=1)
2021-07-31 00:49:50,867 INFO [main] o.h.d.Dialect [Dialect.java : 175] HHH000400: Using dialect: org.hibernate.dialect.PostgreSQLDialect
2021-07-31 00:49:51,699 INFO [main] o.h.o.c.access [DdlTransactionIsolatorNonJtaImpl.java : 48] HHH10001501: Connection obtained from JdbcConnectionAccess [org.hibernate.engine.jdbc.env.internal.JdbcEnvironmentInitiator$ConnectionProviderJdbcConnectionAccess@2e766822] for (non-JTA) DDL execution was not in auto-commit mode; the Connection 'local transaction' will be committed and the Connection will be set into auto-commit mode.
2021-07-31 00:49:52,060 INFO [main] o.h.e.t.j.p.i.JtaPlatformInitiator [JtaPlatformInitiator.java : 52] HHH000490: Using JtaPlatform implementation: [org.hibernate.engine.transaction.jta.platform.internal.NoJtaPlatform]
2021-07-31 00:52:24,101 INFO [main] u.c.n.c.Controller [Controller.java : 65] Start performing operation
2021-07-31 00:52:29,618 INFO [main] u.c.n.c.Controller [Controller.java : 82] Entering an account number: 33432123
2021-07-31 00:52:33,127 INFO [main] u.c.n.c.Controller [Controller.java : 85] Entering an amount of transfer: 500
2021-07-31 00:52:34,603 INFO [main] u.c.n.c.Controller [Controller.java : 91] Entering an amount of categories: 1
2021-07-31 00:52:56,814 INFO [main] u.c.n.c.Controller [Controller.java : 95] Entering category: subscriptions
2021-07-31 00:52:56,815 INFO [main] u.c.n.c.Controller [Controller.java : 98] Starting operation
2021-07-31 00:52:56,885 INFO [main] u.c.n.c.Controller [Controller.java : 101] Result of operation: REJECTED
2021-07-31 00:52:56,885 INFO [main] u.c.n.c.Controller [Controller.java : 105] Reason of rejection: Invalid category for operation type INCOME
2021-07-31 00:53:56,825 INFO [main] u.c.n.c.Controller [Controller.java : 123] Start performing report export in csv 
2021-07-31 00:54:02,452 INFO [main] u.c.n.c.Controller [Controller.java : 141] Entering account number: 33432123
2021-07-31 00:54:07,464 INFO [main] u.c.n.c.Controller [Controller.java : 145] Entering start date: 2222-11-11
2021-07-31 00:54:10,916 INFO [main] u.c.n.c.Controller [Controller.java : 149] Entering end date: 2222-12-12
2021-07-31 00:54:10,918 INFO [main] u.c.n.c.Controller [Controller.java : 158] Exporting report to csv..
2021-07-31 00:54:10,930 ERROR [main] u.c.n.c.Controller [Controller.java : 174] \report.csv (Отказано в доступе)Failed to export CSV
java.io.IOException: \report.csv (Отказано в доступе)Failed to export CSV
	at ua.com.nix.service.ReportService.generateCSV(ReportService.java:71)
	at ua.com.nix.service.ReportService.generateReport(ReportService.java:32)
	at ua.com.nix.controller.Controller.exportOperationsInCSV(Controller.java:159)
	at ua.com.nix.controller.Controller.run(Controller.java:55)
	at ua.com.nix.start.Starter.start(Starter.java:38)
	at ua.com.nix.Main.main(Main.java:11)
2021-07-31 01:09:56,384 INFO [main] o.h.Version [Version.java : 44] HHH000412: Hibernate ORM core version 5.5.4.Final
2021-07-31 01:09:56,941 INFO [main] o.h.a.c.Version [JavaReflectionManager.java : 56] HCANN000001: Hibernate Commons Annotations {5.1.2.Final}
2021-07-31 01:09:57,145 WARN [main] o.h.o.c.pooling [DriverManagerConnectionProviderImpl.java : 72] HHH10001002: Using Hibernate built-in connection pool (not for production use!)
2021-07-31 01:09:57,151 INFO [main] o.h.o.c.pooling [DriverManagerConnectionProviderImpl.java : 115] HHH10001005: using driver [org.postgresql.Driver] at URL [jdbc:postgresql://localhost:1337/module_3]
2021-07-31 01:09:57,151 INFO [main] o.h.o.c.pooling [DriverManagerConnectionProviderImpl.java : 124] HHH10001001: Connection properties: {password=****, user=postgres}
2021-07-31 01:09:57,152 INFO [main] o.h.o.c.pooling [DriverManagerConnectionProviderImpl.java : 129] HHH10001003: Autocommit mode: false
2021-07-31 01:09:57,155 INFO [main] o.h.e.j.c.i.DriverManagerConnectionProviderImpl [DriverManagerConnectionProviderImpl.java : 274] HHH000115: Hibernate connection pool size: 20 (min=1)
2021-07-31 01:09:57,403 INFO [main] o.h.d.Dialect [Dialect.java : 175] HHH000400: Using dialect: org.hibernate.dialect.PostgreSQLDialect
2021-07-31 01:09:58,257 INFO [main] o.h.o.c.access [DdlTransactionIsolatorNonJtaImpl.java : 48] HHH10001501: Connection obtained from JdbcConnectionAccess [org.hibernate.engine.jdbc.env.internal.JdbcEnvironmentInitiator$ConnectionProviderJdbcConnectionAccess@2e766822] for (non-JTA) DDL execution was not in auto-commit mode; the Connection 'local transaction' will be committed and the Connection will be set into auto-commit mode.
2021-07-31 01:09:58,591 INFO [main] o.h.e.t.j.p.i.JtaPlatformInitiator [JtaPlatformInitiator.java : 52] HHH000490: Using JtaPlatform implementation: [org.hibernate.engine.transaction.jta.platform.internal.NoJtaPlatform]
2021-07-31 01:10:03,373 INFO [main] u.c.n.c.Controller [Controller.java : 123] Start performing report export in csv 
2021-07-31 01:10:10,757 INFO [main] u.c.n.c.Controller [Controller.java : 141] Entering account number: 33432123
2021-07-31 01:10:21,523 INFO [main] u.c.n.c.Controller [Controller.java : 145] Entering start date: 2000-03-25
2021-07-31 01:10:27,770 INFO [main] u.c.n.c.Controller [Controller.java : 149] Entering end date: 2000-04-26
2021-07-31 01:10:27,773 INFO [main] u.c.n.c.Controller [Controller.java : 158] Exporting report to csv..
2021-07-31 01:10:27,786 ERROR [main] u.c.n.c.Controller [Controller.java : 174] \report.csv (Отказано в доступе)Failed to export CSV
java.io.IOException: \report.csv (Отказано в доступе)Failed to export CSV
	at ua.com.nix.service.ReportService.generateCSV(ReportService.java:72)
	at ua.com.nix.service.ReportService.generateReport(ReportService.java:32)
	at ua.com.nix.controller.Controller.exportOperationsInCSV(Controller.java:159)
	at ua.com.nix.controller.Controller.run(Controller.java:55)
	at ua.com.nix.start.Starter.start(Starter.java:38)
	at ua.com.nix.Main.main(Main.java:11)
2021-07-31 01:11:49,797 INFO [main] o.h.Version [Version.java : 44] HHH000412: Hibernate ORM core version 5.5.4.Final
2021-07-31 01:11:50,391 INFO [main] o.h.a.c.Version [JavaReflectionManager.java : 56] HCANN000001: Hibernate Commons Annotations {5.1.2.Final}
2021-07-31 01:11:50,599 WARN [main] o.h.o.c.pooling [DriverManagerConnectionProviderImpl.java : 72] HHH10001002: Using Hibernate built-in connection pool (not for production use!)
2021-07-31 01:11:50,605 INFO [main] o.h.o.c.pooling [DriverManagerConnectionProviderImpl.java : 115] HHH10001005: using driver [org.postgresql.Driver] at URL [jdbc:postgresql://localhost:1337/module_3]
2021-07-31 01:11:50,605 INFO [main] o.h.o.c.pooling [DriverManagerConnectionProviderImpl.java : 124] HHH10001001: Connection properties: {password=****, user=postgres}
2021-07-31 01:11:50,605 INFO [main] o.h.o.c.pooling [DriverManagerConnectionProviderImpl.java : 129] HHH10001003: Autocommit mode: false
2021-07-31 01:11:50,610 INFO [main] o.h.e.j.c.i.DriverManagerConnectionProviderImpl [DriverManagerConnectionProviderImpl.java : 274] HHH000115: Hibernate connection pool size: 20 (min=1)
2021-07-31 01:11:50,879 INFO [main] o.h.d.Dialect [Dialect.java : 175] HHH000400: Using dialect: org.hibernate.dialect.PostgreSQLDialect
2021-07-31 01:11:51,763 INFO [main] o.h.o.c.access [DdlTransactionIsolatorNonJtaImpl.java : 48] HHH10001501: Connection obtained from JdbcConnectionAccess [org.hibernate.engine.jdbc.env.internal.JdbcEnvironmentInitiator$ConnectionProviderJdbcConnectionAccess@1945113f] for (non-JTA) DDL execution was not in auto-commit mode; the Connection 'local transaction' will be committed and the Connection will be set into auto-commit mode.
2021-07-31 01:11:52,096 INFO [main] o.h.e.t.j.p.i.JtaPlatformInitiator [JtaPlatformInitiator.java : 52] HHH000490: Using JtaPlatform implementation: [org.hibernate.engine.transaction.jta.platform.internal.NoJtaPlatform]
2021-07-31 01:11:55,357 INFO [main] u.c.n.c.Controller [Controller.java : 123] Start performing report export in csv 
2021-07-31 01:11:59,848 INFO [main] u.c.n.c.Controller [Controller.java : 141] Entering account number: 33432123
2021-07-31 01:12:05,323 INFO [main] u.c.n.c.Controller [Controller.java : 145] Entering start date: 2000-06-03
2021-07-31 01:12:11,139 INFO [main] u.c.n.c.Controller [Controller.java : 149] Entering end date: 2001-06-04
2021-07-31 01:12:11,141 INFO [main] u.c.n.c.Controller [Controller.java : 158] Exporting report to csv..
2021-07-31 01:12:11,154 INFO [main] u.c.n.c.Controller [Controller.java : 161] Report has been successfully exported
2021-07-31 13:12:21,706 INFO [main] o.h.Version [Version.java : 44] HHH000412: Hibernate ORM core version 5.5.4.Final
2021-07-31 13:12:22,489 INFO [main] o.h.a.c.Version [JavaReflectionManager.java : 56] HCANN000001: Hibernate Commons Annotations {5.1.2.Final}
2021-07-31 13:12:22,755 WARN [main] o.h.o.c.pooling [DriverManagerConnectionProviderImpl.java : 72] HHH10001002: Using Hibernate built-in connection pool (not for production use!)
2021-07-31 13:12:22,771 INFO [main] o.h.o.c.pooling [DriverManagerConnectionProviderImpl.java : 115] HHH10001005: using driver [org.postgresql.Driver] at URL [jdbc:postgresql://localhost:1337/module_3]
2021-07-31 13:12:22,771 INFO [main] o.h.o.c.pooling [DriverManagerConnectionProviderImpl.java : 124] HHH10001001: Connection properties: {password=****, user=postgres}
2021-07-31 13:12:22,771 INFO [main] o.h.o.c.pooling [DriverManagerConnectionProviderImpl.java : 129] HHH10001003: Autocommit mode: false
2021-07-31 13:12:22,771 INFO [main] o.h.e.j.c.i.DriverManagerConnectionProviderImpl [DriverManagerConnectionProviderImpl.java : 274] HHH000115: Hibernate connection pool size: 20 (min=1)
2021-07-31 13:12:23,099 INFO [main] o.h.d.Dialect [Dialect.java : 175] HHH000400: Using dialect: org.hibernate.dialect.PostgreSQLDialect
2021-07-31 13:12:24,037 INFO [main] o.h.o.c.access [DdlTransactionIsolatorNonJtaImpl.java : 48] HHH10001501: Connection obtained from JdbcConnectionAccess [org.hibernate.engine.jdbc.env.internal.JdbcEnvironmentInitiator$ConnectionProviderJdbcConnectionAccess@41da3aee] for (non-JTA) DDL execution was not in auto-commit mode; the Connection 'local transaction' will be committed and the Connection will be set into auto-commit mode.
2021-07-31 13:12:24,382 INFO [main] o.h.e.t.j.p.i.JtaPlatformInitiator [JtaPlatformInitiator.java : 52] HHH000490: Using JtaPlatform implementation: [org.hibernate.engine.transaction.jta.platform.internal.NoJtaPlatform]
2021-07-31 13:12:24,575 INFO [main] o.h.o.c.pooling [DriverManagerConnectionProviderImpl.java : 502] HHH10001008: Cleaning up connection pool [jdbc:postgresql://localhost:1337/module_3]
2021-07-31 13:19:52,012 INFO [main] o.h.Version [Version.java : 44] HHH000412: Hibernate ORM core version 5.5.4.Final
2021-07-31 13:19:52,641 INFO [main] o.h.a.c.Version [JavaReflectionManager.java : 56] HCANN000001: Hibernate Commons Annotations {5.1.2.Final}
2021-07-31 13:19:52,861 WARN [main] o.h.o.c.pooling [DriverManagerConnectionProviderImpl.java : 72] HHH10001002: Using Hibernate built-in connection pool (not for production use!)
2021-07-31 13:19:52,861 INFO [main] o.h.o.c.pooling [DriverManagerConnectionProviderImpl.java : 115] HHH10001005: using driver [org.postgresql.Driver] at URL [jdbc:postgresql://localhost:1337/module_3]
2021-07-31 13:19:52,861 INFO [main] o.h.o.c.pooling [DriverManagerConnectionProviderImpl.java : 124] HHH10001001: Connection properties: {password=****, user=postgres}
2021-07-31 13:19:52,861 INFO [main] o.h.o.c.pooling [DriverManagerConnectionProviderImpl.java : 129] HHH10001003: Autocommit mode: false
2021-07-31 13:19:52,861 INFO [main] o.h.e.j.c.i.DriverManagerConnectionProviderImpl [DriverManagerConnectionProviderImpl.java : 274] HHH000115: Hibernate connection pool size: 20 (min=1)
2021-07-31 13:19:53,127 INFO [main] o.h.d.Dialect [Dialect.java : 175] HHH000400: Using dialect: org.hibernate.dialect.PostgreSQLDialect
2021-07-31 13:19:54,008 INFO [main] o.h.o.c.access [DdlTransactionIsolatorNonJtaImpl.java : 48] HHH10001501: Connection obtained from JdbcConnectionAccess [org.hibernate.engine.jdbc.env.internal.JdbcEnvironmentInitiator$ConnectionProviderJdbcConnectionAccess@2e766822] for (non-JTA) DDL execution was not in auto-commit mode; the Connection 'local transaction' will be committed and the Connection will be set into auto-commit mode.
2021-07-31 13:19:54,322 INFO [main] o.h.e.t.j.p.i.JtaPlatformInitiator [JtaPlatformInitiator.java : 52] HHH000490: Using JtaPlatform implementation: [org.hibernate.engine.transaction.jta.platform.internal.NoJtaPlatform]
2021-07-31 13:20:05,206 INFO [main] u.c.n.c.Controller [Controller.java : 65] Start performing operation
2021-07-31 13:20:10,142 INFO [main] u.c.n.c.Controller [Controller.java : 82] Entering an account number: 33432123
2021-07-31 13:20:14,391 INFO [main] u.c.n.c.Controller [Controller.java : 85] Entering an amount of transfer: 200
2021-07-31 13:20:16,563 INFO [main] u.c.n.c.Controller [Controller.java : 91] Entering an amount of categories: 1
2021-07-31 13:21:24,395 INFO [main] u.c.n.c.Controller [Controller.java : 95] Entering category: online purchases
2021-07-31 13:21:24,395 INFO [main] u.c.n.c.Controller [Controller.java : 98] Starting operation
2021-07-31 13:21:24,501 INFO [main] u.c.n.c.Controller [Controller.java : 101] Result of operation: REJECTED
2021-07-31 13:21:24,501 INFO [main] u.c.n.c.Controller [Controller.java : 105] Reason of rejection: Invalid category for operation type INCOME
2021-07-31 13:21:35,201 INFO [main] u.c.n.c.Controller [Controller.java : 123] Start performing report export in csv 
2021-07-31 13:21:38,932 INFO [main] u.c.n.c.Controller [Controller.java : 141] Entering account number: 33432123
2021-07-31 13:21:43,057 INFO [main] u.c.n.c.Controller [Controller.java : 145] Entering start date: 2020-22-20
2021-07-31 13:21:46,885 INFO [main] u.c.n.c.Controller [Controller.java : 149] Entering end date: 2020-22-21
2021-07-31 13:21:46,885 ERROR [main] u.c.n.c.Controller [Controller.java : 164] Invalid input of date
java.time.format.DateTimeParseException: Text '2020-22-20' could not be parsed: Invalid value for MonthOfYear (valid values 1 - 12): 22
	at java.base/java.time.format.DateTimeFormatter.createError(DateTimeFormatter.java:2023)
	at java.base/java.time.format.DateTimeFormatter.parse(DateTimeFormatter.java:1958)
	at java.base/java.time.LocalDate.parse(LocalDate.java:430)
	at java.base/java.time.LocalDate.parse(LocalDate.java:415)
	at ua.com.nix.controller.Controller.exportOperationsInCSV(Controller.java:151)
	at ua.com.nix.controller.Controller.run(Controller.java:55)
	at ua.com.nix.start.Starter.start(Starter.java:38)
	at ua.com.nix.Main.main(Main.java:11)
Caused by: java.time.DateTimeException: Invalid value for MonthOfYear (valid values 1 - 12): 22
	at java.base/java.time.temporal.ValueRange.checkValidIntValue(ValueRange.java:338)
	at java.base/java.time.temporal.ChronoField.checkValidIntValue(ChronoField.java:737)
	at java.base/java.time.chrono.IsoChronology.resolveYMD(IsoChronology.java:644)
	at java.base/java.time.chrono.IsoChronology.resolveYMD(IsoChronology.java:126)
	at java.base/java.time.chrono.AbstractChronology.resolveDate(AbstractChronology.java:442)
	at java.base/java.time.chrono.IsoChronology.resolveDate(IsoChronology.java:586)
	at java.base/java.time.chrono.IsoChronology.resolveDate(IsoChronology.java:126)
	at java.base/java.time.format.Parsed.resolveDateFields(Parsed.java:367)
	at java.base/java.time.format.Parsed.resolveFields(Parsed.java:272)
	at java.base/java.time.format.Parsed.resolve(Parsed.java:259)
	at java.base/java.time.format.DateTimeParseContext.toResolved(DateTimeParseContext.java:331)
	at java.base/java.time.format.DateTimeFormatter.parseResolved0(DateTimeFormatter.java:2058)
	at java.base/java.time.format.DateTimeFormatter.parse(DateTimeFormatter.java:1954)
	... 6 common frames omitted
2021-07-31 13:21:57,925 INFO [main] u.c.n.c.Controller [Controller.java : 123] Start performing report export in csv 
2021-07-31 13:22:01,140 INFO [main] u.c.n.c.Controller [Controller.java : 141] Entering account number: 33432123
2021-07-31 13:22:04,734 INFO [main] u.c.n.c.Controller [Controller.java : 145] Entering start date: 2020-10-22
2021-07-31 13:22:08,042 INFO [main] u.c.n.c.Controller [Controller.java : 149] Entering end date: 2020-11-23
2021-07-31 13:22:08,042 INFO [main] u.c.n.c.Controller [Controller.java : 158] Exporting report to csv...
2021-07-31 13:22:08,102 INFO [main] u.c.n.c.Controller [Controller.java : 161] Report has been successfully exported
2021-07-31 13:22:47,585 INFO [main] u.c.n.c.Controller [Controller.java : 65] Start performing operation
2021-07-31 13:22:51,007 INFO [main] u.c.n.c.Controller [Controller.java : 82] Entering an account number: 33432123
2021-07-31 13:22:53,186 INFO [main] u.c.n.c.Controller [Controller.java : 85] Entering an amount of transfer: 200
2021-07-31 13:22:54,864 INFO [main] u.c.n.c.Controller [Controller.java : 91] Entering an amount of categories: 1
2021-07-31 13:22:57,959 INFO [main] u.c.n.c.Controller [Controller.java : 95] Entering category: salary
2021-07-31 13:22:57,959 INFO [main] u.c.n.c.Controller [Controller.java : 98] Starting operation
2021-07-31 13:22:58,012 INFO [main] u.c.n.c.Controller [Controller.java : 101] Result of operation: ACCEPTED
2021-07-31 13:23:01,820 INFO [main] u.c.n.c.Controller [Controller.java : 123] Start performing report export in csv 
2021-07-31 13:23:04,581 INFO [main] u.c.n.c.Controller [Controller.java : 141] Entering account number: 33432123
2021-07-31 13:23:16,413 INFO [main] u.c.n.c.Controller [Controller.java : 145] Entering start date: 2021-07-31
2021-07-31 13:23:21,974 INFO [main] u.c.n.c.Controller [Controller.java : 149] Entering end date: 2021-07-31
2021-07-31 13:23:21,974 INFO [main] u.c.n.c.Controller [Controller.java : 158] Exporting report to csv...
2021-07-31 13:23:21,974 INFO [main] u.c.n.c.Controller [Controller.java : 161] Report has been successfully exported
